#
# There is insufficient memory for the Java Runtime Environment to continue.
# Native memory allocation (mmap) failed to map 134217728 bytes for Failed to commit area from 0x0000000081c00000 to 0x0000000089c00000 of length 134217728.
# Possible reasons:
#   The system is out of physical RAM or swap space
#   The process is running with CompressedOops enabled, and the Java Heap may be blocking the growth of the native heap
# Possible solutions:
#   Reduce memory load on the system
#   Increase physical memory or swap space
#   Check if swap backing store is full
#   Decrease Java heap size (-Xmx/-Xms)
#   Decrease number of Java threads
#   Decrease Java thread stack sizes (-Xss)
#   Set larger code cache with -XX:ReservedCodeCacheSize=
# This output file may be truncated or incomplete.
#
#  Out of Memory Error (c:/cygwin64/tmp/openjdk-jdk11u-windows-x64-hotspot/workspace/build/src/src/hotspot/os/windows/os_windows.cpp:3296), pid=1380, tid=18736
#
# JRE version:  (11.0.6+10) (build )
# Java VM: OpenJDK 64-Bit Server VM (11.0.6+10, mixed mode, sharing, tiered, compressed oops, g1 gc, windows-amd64)
# No core dump will be written. Minidumps are not enabled by default on client versions of Windows
#

---------------  S U M M A R Y ------------

Command Line: -XX:TieredStopAtLevel=1 -Xverify:none -Dspring.output.ansi.enabled=always -Dcom.sun.management.jmxremote -Dspring.jmx.enabled=true -Dspring.liveBeansView.mbeanDomain -Dspring.application.admin.enabled=true -javaagent:C:\Program Files\JetBrains\IntelliJ IDEA 2020.2.2.0\lib\idea_rt.jar=55059:C:\Program Files\JetBrains\IntelliJ IDEA 2020.2.2.0\bin -Dfile.encoding=UTF-8 com.sda.invoices.InvoicesApplication

Host: Intel(R) Core(TM) i5-8250U CPU @ 1.60GHz, 8 cores, 7G,  Windows 10 , 64 bit Build 19041 (10.0.19041.804)
Time: Fri Feb 19 03:04:21 2021 Central European Standard Time elapsed time: 0 seconds (0d 0h 0m 0s)

---------------  T H R E A D  ---------------

Current thread (0x000001406789a000):  JavaThread "Unknown thread" [_thread_in_vm, id=18736, stack(0x000000261af00000,0x000000261b000000)]

Stack: [0x000000261af00000,0x000000261b000000]
Native frames: (J=compiled Java code, j=interpreted, Vv=VM code, C=native code)
V  [jvm.dll+0x5db25a]
V  [jvm.dll+0x7111de]
V  [jvm.dll+0x712877]
V  [jvm.dll+0x712f43]
V  [jvm.dll+0x23fe78]
V  [jvm.dll+0x5d854a]
V  [jvm.dll+0x5cd2c5]
V  [jvm.dll+0x2f52fc]
V  [jvm.dll+0x2f5182]
V  [jvm.dll+0x2f9e36]
V  [jvm.dll+0x33b57f]
V  [jvm.dll+0x33afb0]
V  [jvm.dll+0x2d2708]
V  [jvm.dll+0x2d3856]
V  [jvm.dll+0x6eced7]
V  [jvm.dll+0x6ee65f]
V  [jvm.dll+0x348309]
V  [jvm.dll+0x6d14e0]
V  [jvm.dll+0x3afe7f]
V  [jvm.dll+0x3b24c1]
C  [jli.dll+0x51fb]
C  [ucrtbase.dll+0x21bb2]
C  [KERNEL32.DLL+0x17034]
C  [ntdll.dll+0x4d241]


---------------  P R O C E S S  ---------------

Threads class SMR info:
_java_thread_list=0x0000014065688650, length=0, elements={
}

Java Threads: ( => current thread )

Other Threads:
  0x00000140678b2800 GCTaskThread "GC Thread#0" [stack: 0x000000261b000000,0x000000261b100000] [id=16128]
  0x00000140678e7800 ConcurrentGCThread "G1 Main Marker" [stack: 0x000000261b100000,0x000000261b200000] [id=1068]
  0x00000140678eb000 ConcurrentGCThread "G1 Conc#0" [stack: 0x000000261b200000,0x000000261b300000] [id=2956]

[error occurred during error reporting (printing all threads), id 0xc0000005, EXCEPTION_ACCESS_VIOLATION (0xc0000005) at pc=0x00007ff9ba1b1d57]

VM state:not at safepoint (not fully initialized)

VM Mutex/Monitor currently owned by a thread:  ([mutex/lock_event])
[0x0000014067895c70] Heap_lock - owner thread: 0x000001406789a000

Heap address: 0x0000000081c00000, size: 2020 MB, Compressed Oops mode: Non-zero based: 0x0000000081c00000
Narrow klass base: 0x0000000000000000, Narrow klass shift: 0

GC Heap History (0 events):
No events

Deoptimization events (0 events):
No events

Classes redefined (0 events):
No events

Internal exceptions (0 events):
No events

Events (2 events):
Event: 0.029 Loaded shared library C:\Program Files\AdoptOpenJDK\jdk-11.0.6.10-hotspot\bin\zip.dll
Event: 0.030 Loaded shared library C:\Program Files\AdoptOpenJDK\jdk-11.0.6.10-hotspot\bin\jimage.dll


Dynamic libraries:
0x00007ff6f7bd0000 - 0x00007ff6f7bdd000 	C:\Program Files\AdoptOpenJDK\jdk-11.0.6.10-hotspot\bin\java.exe
0x00007ffa03ab0000 - 0x00007ffa03ca6000 	C:\WINDOWS\SYSTEM32\ntdll.dll
0x00007ff9deea0000 - 0x00007ff9deeb2000 	C:\Program Files\Avast Software\Avast\aswhook.dll
0x00007ffa02970000 - 0x00007ffa02a2d000 	C:\WINDOWS\System32\KERNEL32.DLL
0x00007ffa012a0000 - 0x00007ffa01569000 	C:\WINDOWS\System32\KERNELBASE.dll
0x00007ffa015a0000 - 0x00007ffa016a0000 	C:\WINDOWS\System32\ucrtbase.dll
0x00007ff9fc370000 - 0x00007ff9fc387000 	C:\Program Files\AdoptOpenJDK\jdk-11.0.6.10-hotspot\bin\jli.dll
0x00007ffa037d0000 - 0x00007ffa03970000 	C:\WINDOWS\System32\USER32.dll
0x00007ffa01720000 - 0x00007ffa01742000 	C:\WINDOWS\System32\win32u.dll
0x00007ffa01b70000 - 0x00007ffa01b9a000 	C:\WINDOWS\System32\GDI32.dll
0x00007ffa01750000 - 0x00007ffa0185b000 	C:\WINDOWS\System32\gdi32full.dll
0x00007ffa01860000 - 0x00007ffa018fd000 	C:\WINDOWS\System32\msvcp_win.dll
0x00007ff9f9b70000 - 0x00007ff9f9b86000 	C:\Program Files\AdoptOpenJDK\jdk-11.0.6.10-hotspot\bin\VCRUNTIME140.dll
0x00007ff9f8d30000 - 0x00007ff9f8fcb000 	C:\WINDOWS\WinSxS\amd64_microsoft.windows.common-controls_6595b64144ccf1df_6.0.19041.746_none_ca02b4b61b8320a4\COMCTL32.dll
0x00007ffa026e0000 - 0x00007ffa0277e000 	C:\WINDOWS\System32\msvcrt.dll
0x00007ffa02f50000 - 0x00007ffa02f80000 	C:\WINDOWS\System32\IMM32.DLL
0x00007ff9c1610000 - 0x00007ff9c16ab000 	C:\Program Files\AdoptOpenJDK\jdk-11.0.6.10-hotspot\bin\msvcp140.dll
0x00007ff9b9ed0000 - 0x00007ff9ba98c000 	C:\Program Files\AdoptOpenJDK\jdk-11.0.6.10-hotspot\bin\server\jvm.dll
0x00007ffa01f80000 - 0x00007ffa0202c000 	C:\WINDOWS\System32\ADVAPI32.dll
0x00007ffa03970000 - 0x00007ffa03a0c000 	C:\WINDOWS\System32\sechost.dll
0x00007ffa02030000 - 0x00007ffa0215b000 	C:\WINDOWS\System32\RPCRT4.dll
0x00007ffa01dc0000 - 0x00007ffa01dc8000 	C:\WINDOWS\System32\PSAPI.DLL
0x00007ff9f6a70000 - 0x00007ff9f6a79000 	C:\WINDOWS\SYSTEM32\WSOCK32.dll
0x00007ffa02160000 - 0x00007ffa021cb000 	C:\WINDOWS\System32\WS2_32.dll
0x00007ff9f83d0000 - 0x00007ff9f83f7000 	C:\WINDOWS\SYSTEM32\WINMM.dll
0x00007ff9fa880000 - 0x00007ff9fa88a000 	C:\WINDOWS\SYSTEM32\VERSION.dll
0x00007ff9ffe10000 - 0x00007ff9ffe22000 	C:\WINDOWS\SYSTEM32\kernel.appcore.dll
0x00007ff9fa4a0000 - 0x00007ff9fa4b0000 	C:\Program Files\AdoptOpenJDK\jdk-11.0.6.10-hotspot\bin\verify.dll
0x00007ff9ff7c0000 - 0x00007ff9ff9a4000 	C:\WINDOWS\SYSTEM32\DBGHELP.DLL
0x00007ff9fa470000 - 0x00007ff9fa49c000 	C:\WINDOWS\SYSTEM32\dbgcore.DLL
0x00007ffa016a0000 - 0x00007ffa01720000 	C:\WINDOWS\System32\bcryptPrimitives.dll
0x00007ff9f0bd0000 - 0x00007ff9f0bf8000 	C:\Program Files\AdoptOpenJDK\jdk-11.0.6.10-hotspot\bin\java.dll
0x00007ff9fc340000 - 0x00007ff9fc34e000 	C:\Program Files\AdoptOpenJDK\jdk-11.0.6.10-hotspot\bin\instrument.dll
0x00007ff9f9b50000 - 0x00007ff9f9b67000 	C:\Program Files\AdoptOpenJDK\jdk-11.0.6.10-hotspot\bin\zip.dll
0x00007ff9f9e30000 - 0x00007ff9f9e3a000 	C:\Program Files\AdoptOpenJDK\jdk-11.0.6.10-hotspot\bin\jimage.dll

dbghelp: loaded successfully - version: 4.0.5 - missing functions: none
symbol engine: initialized successfully - sym options: 0x614 - pdb path: .;C:\Program Files\AdoptOpenJDK\jdk-11.0.6.10-hotspot\bin;C:\WINDOWS\SYSTEM32;C:\Program Files\Avast Software\Avast;C:\WINDOWS\WinSxS\amd64_microsoft.windows.common-controls_6595b64144ccf1df_6.0.19041.746_none_ca02b4b61b8320a4;C:\Program Files\AdoptOpenJDK\jdk-11.0.6.10-hotspot\bin\server

VM Arguments:
jvm_args: -XX:TieredStopAtLevel=1 -Xverify:none -Dspring.output.ansi.enabled=always -Dcom.sun.management.jmxremote -Dspring.jmx.enabled=true -Dspring.liveBeansView.mbeanDomain -Dspring.application.admin.enabled=true -javaagent:C:\Program Files\JetBrains\IntelliJ IDEA 2020.2.2.0\lib\idea_rt.jar=55059:C:\Program Files\JetBrains\IntelliJ IDEA 2020.2.2.0\bin -Dfile.encoding=UTF-8 
java_command: com.sda.invoices.InvoicesApplication
java_class_path (initial): C:\Users\jmier\IdeaProjects\invoices\target\classes;C:\Users\jmier\.m2\repository\org\springframework\boot\spring-boot-starter-data-jpa\2.4.2\spring-boot-starter-data-jpa-2.4.2.jar;C:\Users\jmier\.m2\repository\org\springframework\boot\spring-boot-starter-aop\2.4.2\spring-boot-starter-aop-2.4.2.jar;C:\Users\jmier\.m2\repository\org\aspectj\aspectjweaver\1.9.6\aspectjweaver-1.9.6.jar;C:\Users\jmier\.m2\repository\org\springframework\boot\spring-boot-starter-jdbc\2.4.2\spring-boot-starter-jdbc-2.4.2.jar;C:\Users\jmier\.m2\repository\com\zaxxer\HikariCP\3.4.5\HikariCP-3.4.5.jar;C:\Users\jmier\.m2\repository\org\springframework\spring-jdbc\5.3.3\spring-jdbc-5.3.3.jar;C:\Users\jmier\.m2\repository\jakarta\transaction\jakarta.transaction-api\1.3.3\jakarta.transaction-api-1.3.3.jar;C:\Users\jmier\.m2\repository\jakarta\persistence\jakarta.persistence-api\2.2.3\jakarta.persistence-api-2.2.3.jar;C:\Users\jmier\.m2\repository\org\hibernate\hibernate-core\5.4.27.Final\hibernate-core-5.4.27.Final.jar;C:\Users\jmier\.m2\repository\org\jboss\logging\jboss-logging\3.4.1.Final\jboss-logging-3.4.1.Final.jar;C:\Users\jmier\.m2\repository\org\javassist\javassist\3.27.0-GA\javassist-3.27.0-GA.jar;C:\Users\jmier\.m2\repository\net\bytebuddy\byte-buddy\1.10.19\byte-buddy-1.10.19.jar;C:\Users\jmier\.m2\repository\antlr\antlr\2.7.7\antlr-2.7.7.jar;C:\Users\jmier\.m2\repository\org\jboss\jandex\2.1.3.Final\jandex-2.1.3.Final.jar;C:\Users\jmier\.m2\repository\com\fasterxml\classmate\1.5.1\classmate-1.5.1.jar;C:\Users\jmier\.m2\repository\org\dom4j\dom4j\2.1.3\dom4j-2.1.3.jar;C:\Users\jmier\.m2\repository\org\hibernate\common\hibernate-commons-annotations\5.1.2.Final\hibernate-commons-annotations-5.1.2.Final.jar;C:\Users\jmier\.m2\repository\org\glassfish\jaxb\jaxb-runtime\2.3.3\jaxb-runtime-2.3.3.jar;C:\Users\jmier\.m2\repository\org\glassfish\jaxb\txw2\2.3.3\txw2-2.3.3.jar;C:\Users\jmier\.m2\repository\com\sun\istack\istack-commons-runtime\3.0.11\istack-commons-
Launcher Type: SUN_STANDARD

[Global flags]
     bool BytecodeVerificationLocal                = false                                     {product} {command line}
     bool BytecodeVerificationRemote               = false                                     {product} {command line}
     intx CICompilerCount                          = 4                                         {product} {ergonomic}
     uint ConcGCThreads                            = 2                                         {product} {ergonomic}
     uint G1ConcRefinementThreads                  = 8                                         {product} {ergonomic}
   size_t G1HeapRegionSize                         = 1048576                                   {product} {ergonomic}
    uintx GCDrainStackTargetSize                   = 64                                        {product} {ergonomic}
   size_t InitialHeapSize                          = 134217728                                 {product} {ergonomic}
     bool ManagementServer                         = true                                      {product} {command line}
   size_t MarkStackSize                            = 4194304                                   {product} {ergonomic}
   size_t MaxHeapSize                              = 2118123520                                {product} {ergonomic}
   size_t MinHeapDeltaBytes                        = 1048576                                   {product} {ergonomic}
    uintx NonNMethodCodeHeapSize                   = 7549744                                {pd product} {ergonomic}
    uintx NonProfiledCodeHeapSize                  = 244108496                              {pd product} {ergonomic}
    uintx ProfiledCodeHeapSize                     = 0                                      {pd product} {ergonomic}
    uintx ReservedCodeCacheSize                    = 251658240                              {pd product} {ergonomic}
     bool SegmentedCodeCache                       = true                                      {product} {ergonomic}
     intx TieredStopAtLevel                        = 1                                         {product} {command line}
     bool UseCompressedClassPointers               = true                                 {lp64_product} {ergonomic}
     bool UseCompressedOops                        = true                                 {lp64_product} {ergonomic}
     bool UseG1GC                                  = true                                      {product} {ergonomic}
     bool UseLargePagesIndividualAllocation        = false                                  {pd product} {ergonomic}

Logging:
Log output configuration:
 #0: stdout all=warning uptime,level,tags
 #1: stderr all=off uptime,level,tags

Environment Variables:
JAVA_HOME=C:\Program Files\AdoptOpenJDK\jdk-11.0.6.10-hotspot\
PATH=C:\Program Files\AdoptOpenJDK\jdk-11.0.6.10-hotspot\bin;C:\PROGRA~2\Borland\CBUILD~1\Bin;C:\PROGRA~2\Borland\CBUILD~1\Projects\Bpl;C:\Program Files (x86)\Intel\iCLS Client\;C:\Program Files\Intel\iCLS Client\;C:\WINDOWS\system32;C:\WINDOWS;C:\WINDOWS\System32\Wbem;C:\WINDOWS\System32\WindowsPowerShell\v1.0\;C:\Program Files (x86)\Intel\Intel(R) Management Engine Components\DAL;C:\Program Files\Intel\Intel(R) Management Engine Components\DAL;C:\Program Files (x86)\Intel\Intel(R) Management Engine Components\IPT;C:\Program Files\Intel\Intel(R) Management Engine Components\IPT;C:\WINDOWS\System32\OpenSSH\;C:\Program Files\Intel\WiFi\bin\;C:\Program Files\Common Files\Intel\WirelessCommon\;C:\Users\jmier\Desktop\Java\apache-maven-3.6.3\bin;C:\Program Files (x86)\Microsoft SQL Server\150\DTS\Binn\;C:\Program Files\Microsoft SQL Server\Client SDK\ODBC\170\Tools\Binn\;C:\Program Files (x86)\Microsoft SQL Server\150\Tools\Binn\;C:\Program Files\Microsoft SQL Server\150\Tools\Binn\;C:\Program Files\Microsoft SQL Server\150\DTS\Binn\;C:\Program Files\nodejs\;C:\Program Files\Git\cmd;C:\Program Files\MySQL\MySQL Shell 8.0\bin\;C:\Users\jmier\AppData\Local\Microsoft\WindowsApps;C:\Users\jmier\Desktop\Java\apache-maven-3.6.3\bin;C:\Users\jmier\AppData\Roaming\npm;C:\Users\jmier\AppData\Local\Programs\Microsoft VS Code\bin;C:\Program Files\Heroku\bin
USERNAME=jmier
OS=Windows_NT
PROCESSOR_IDENTIFIER=Intel64 Family 6 Model 142 Stepping 10, GenuineIntel



---------------  S Y S T E M  ---------------

OS: Windows 10 , 64 bit Build 19041 (10.0.19041.804)

CPU:total 8 (initial active 8) (4 cores per cpu, 2 threads per core) family 6 model 142 stepping 10, cmov, cx8, fxsr, mmx, sse, sse2, sse3, ssse3, sse4.1, sse4.2, popcnt, avx, avx2, aes, clmul, erms, 3dnowpref, lzcnt, ht, tsc, tscinvbit, bmi1, bmi2, adx, fma

Memory: 4k page, system-wide physical 8078M (669M free)
TotalPageFile size 12174M (AvailPageFile size 75M)
current process WorkingSet (physical memory assigned to process): 10M, peak: 10M
current process commit charge ("private bytes"): 57M, peak: 185M

vm_info: OpenJDK 64-Bit Server VM (11.0.6+10) for windows-amd64 JRE (11.0.6+10), built on Jan 15 2020 06:14:58 by "" with MS VC++ 15.8 (VS2017)

END.
