#
# There is insufficient memory for the Java Runtime Environment to continue.
# Native memory allocation (malloc) failed to allocate 1048576 bytes for AllocateHeap
# Possible reasons:
#   The system is out of physical RAM or swap space
#   The process is running with CompressedOops enabled, and the Java Heap may be blocking the growth of the native heap
# Possible solutions:
#   Reduce memory load on the system
#   Increase physical memory or swap space
#   Check if swap backing store is full
#   Decrease Java heap size (-Xmx/-Xms)
#   Decrease number of Java threads
#   Decrease Java thread stack sizes (-Xss)
#   Set larger code cache with -XX:ReservedCodeCacheSize=
#   JVM is running with Unscaled Compressed Oops mode in which the Java heap is
#     placed in the first 4GB address space. The Java Heap base address is the
#     maximum limit for the native heap growth. Please use -XX:HeapBaseMinAddress
#     to set the Java Heap base and to place the Java Heap above 4GB virtual address.
# This output file may be truncated or incomplete.
#
#  Out of Memory Error (c:/cygwin64/tmp/openjdk-jdk11u-windows-x64-hotspot/workspace/build/src/src/hotspot/share/memory/allocation.cpp:46), pid=14004, tid=9236
#
# JRE version: OpenJDK Runtime Environment (11.0.6+10) (build 11.0.6+10)
# Java VM: OpenJDK 64-Bit Server VM (11.0.6+10, mixed mode, tiered, compressed oops, g1 gc, windows-amd64)
# No core dump will be written. Minidumps are not enabled by default on client versions of Windows
#

---------------  S U M M A R Y ------------

Command Line: -agentlib:jdwp=transport=dt_socket,address=127.0.0.1:61999,suspend=y,server=n -XX:TieredStopAtLevel=1 -Xverify:none -Dspring.output.ansi.enabled=always -Dcom.sun.management.jmxremote -Dspring.jmx.enabled=true -Dspring.liveBeansView.mbeanDomain -Dspring.application.admin.enabled=true -javaagent:C:\Users\jmier\AppData\Local\JetBrains\IntelliJIdea2020.2\captureAgent\debugger-agent.jar -Dfile.encoding=UTF-8 com.sda.invoices.InvoicesApplication

Host: Intel(R) Core(TM) i5-8250U CPU @ 1.60GHz, 8 cores, 7G,  Windows 10 , 64 bit Build 19041 (10.0.19041.804)
Time: Tue Mar  2 02:17:26 2021 Central European Standard Time elapsed time: 6 seconds (0d 0h 0m 6s)

---------------  T H R E A D  ---------------

Current thread (0x0000028149e82800):  VMThread "VM Thread" [stack: 0x000000ab24300000,0x000000ab24400000] [id=9236]

Stack: [0x000000ab24300000,0x000000ab24400000]
[error occurred during error reporting (printing stack bounds), id 0xc0000005, EXCEPTION_ACCESS_VIOLATION (0xc0000005) at pc=0x0000028133600dad]

Native frames: (J=compiled Java code, j=interpreted, Vv=VM code, C=native code)
V  [jvm.dll+0x5db25a]
V  [jvm.dll+0x7111de]
V  [jvm.dll+0x712877]
V  [jvm.dll+0x712ea5]
V  [jvm.dll+0x712e5b]
V  [jvm.dll+0x5da853]
V  [jvm.dll+0x5daf08]
C  [ntdll.dll+0xa197f]
C  [ntdll.dll+0x4b754]
C  [ntdll.dll+0xa04ae]
C  0x0000028133600dad

VM_Operation (0x000000ab254fafb0): CollectForMetadataAllocation, mode: safepoint, requested by thread 0x000002814beda800


---------------  P R O C E S S  ---------------

Threads class SMR info:
_java_thread_list=0x000002814c510410, length=17, elements={
0x000002812afab000, 0x0000028149ea9800, 0x0000028149eb4000, 0x000002814a832800,
0x000002814a834800, 0x000002814a836800, 0x0000028149ec9800, 0x0000028149e3d000,
0x000002814a9f5800, 0x000002814a9f7800, 0x000002814aa09000, 0x000002814ad48000,
0x000002814af72800, 0x000002814bec6800, 0x000002814beda800, 0x000002814bfd4000,
0x000002814c03a000
}

Java Threads: ( => current thread )
  0x000002812afab000 JavaThread "main" [_thread_blocked, id=14184, stack(0x000000ab23d00000,0x000000ab23e00000)]
  0x0000028149ea9800 JavaThread "Reference Handler" daemon [_thread_blocked, id=9440, stack(0x000000ab24400000,0x000000ab24500000)]
  0x0000028149eb4000 JavaThread "Finalizer" daemon [_thread_blocked, id=21140, stack(0x000000ab24500000,0x000000ab24600000)]
  0x000002814a832800 JavaThread "Signal Dispatcher" daemon [_thread_blocked, id=20944, stack(0x000000ab24600000,0x000000ab24700000)]
  0x000002814a834800 JavaThread "Attach Listener" daemon [_thread_blocked, id=6556, stack(0x000000ab24700000,0x000000ab24800000)]
  0x000002814a836800 JavaThread "C1 CompilerThread0" daemon [_thread_blocked, id=16688, stack(0x000000ab24800000,0x000000ab24900000)]
  0x0000028149ec9800 JavaThread "Sweeper thread" daemon [_thread_blocked, id=13520, stack(0x000000ab24900000,0x000000ab24a00000)]
  0x0000028149e3d000 JavaThread "Common-Cleaner" daemon [_thread_blocked, id=816, stack(0x000000ab24a00000,0x000000ab24b00000)]
  0x000002814a9f5800 JavaThread "JDWP Transport Listener: dt_socket" daemon [_thread_blocked, id=3504, stack(0x000000ab24b00000,0x000000ab24c00000)]
  0x000002814a9f7800 JavaThread "JDWP Event Helper Thread" daemon [_thread_blocked, id=21404, stack(0x000000ab24c00000,0x000000ab24d00000)]
  0x000002814aa09000 JavaThread "JDWP Command Reader" daemon [_thread_in_native, id=236, stack(0x000000ab24d00000,0x000000ab24e00000)]
  0x000002814ad48000 JavaThread "Service Thread" daemon [_thread_blocked, id=9972, stack(0x000000ab24e00000,0x000000ab24f00000)]
  0x000002814af72800 JavaThread "RMI TCP Accept-0" daemon [_thread_in_native, id=4076, stack(0x000000ab24f00000,0x000000ab25000000)]
  0x000002814bec6800 JavaThread "Thread-0" [_thread_blocked, id=20304, stack(0x000000ab25300000,0x000000ab25400000)]
  0x000002814beda800 JavaThread "restartedMain" [_thread_blocked, id=10640, stack(0x000000ab25400000,0x000000ab25500000)]
  0x000002814bfd4000 JavaThread "RMI TCP Connection(1)-10.0.0.10" daemon [_thread_in_native, id=14388, stack(0x000000ab25500000,0x000000ab25600000)]
  0x000002814c03a000 JavaThread "RMI Scheduler(0)" daemon [_thread_blocked, id=20516, stack(0x000000ab25600000,0x000000ab25700000)]

Other Threads:
=>0x0000028149e82800 VMThread "VM Thread" [stack: 0x000000ab24300000,0x000000ab24400000] [id=9236]
  0x000002814af70000 WatcherThread [stack: 0x000000ab25000000,0x000000ab25100000] [id=10808]
  0x000002812afc3800 GCTaskThread "GC Thread#0" [stack: 0x000000ab23e00000,0x000000ab23f00000] [id=12532]
  0x000002814b0a5000 GCTaskThread "GC Thread#1" [stack: 0x000000ab25100000,0x000000ab25200000] [id=19020]
  0x000002814b1f5800 GCTaskThread "GC Thread#2" [stack: 0x000000ab25200000,0x000000ab25300000] [id=15952]
  0x000002814c04e000 GCTaskThread "GC Thread#3" [stack: 0x000000ab25800000,0x000000ab25900000] [id=21288]
  0x000002814c05a800 GCTaskThread "GC Thread#4" [stack: 0x000000ab25900000,0x000000ab25a00000] [id=16560]
  0x000002814c05b000 GCTaskThread "GC Thread#5" [stack: 0x000000ab25a00000,0x000000ab25b00000] [id=2936]
  0x000002814c171800 GCTaskThread "GC Thread#6" [stack: 0x000000ab25b00000,0x000000ab25c00000] [id=10932]
  0x000002814c0ff800 GCTaskThread "GC Thread#7" [stack: 0x000000ab25c00000,0x000000ab25d00000] [id=21220]
  0x000002812aff9800 ConcurrentGCThread "G1 Main Marker" [stack: 0x000000ab23f00000,0x000000ab24000000] [id=20152]
  0x000002812affb000 ConcurrentGCThread "G1 Conc#0" [stack: 0x000000ab24000000,0x000000ab24100000] [id=20420]
  0x000002814c07d000 ConcurrentGCThread "G1 Conc#1" [stack: 0x000000ab25d00000,0x000000ab25e00000] [id=17020]
  0x000002812b07d000 ConcurrentGCThread "G1 Refine#0" [stack: 0x000000ab24100000,0x000000ab24200000] [id=3200]
  0x000002812b07e000 ConcurrentGCThread "G1 Young RemSet Sampling" [stack: 0x000000ab24200000,0x000000ab24300000] [id=15996]

Threads with active compile tasks:

VM state:at safepoint (normal execution)

VM Mutex/Monitor currently owned by a thread:  ([mutex/lock_event])
[0x000002812afa7b50] Threads_lock - owner thread: 0x0000028149e82800
[0x000002812afa89f0] Heap_lock - owner thread: 0x000002814beda800

Heap address: 0x0000000081c00000, size: 2020 MB, Compressed Oops mode: 32-bit
Narrow klass base: 0x0000000000000000, Narrow klass shift: 3
Compressed class space size: 1073741824 Address: 0x0000000100000000

Heap:
 garbage-first heap   total 131072K, used 14512K [0x0000000081c00000, 0x0000000100000000)
  region size 1024K, 6 young (6144K), 6 survivors (6144K)
 Metaspace       used 30626K, capacity 31831K, committed 31920K, reserved 1095680K
  class space    used 3779K, capacity 4300K, committed 4352K, reserved 1048576K
Heap Regions: E=young(eden), S=young(survivor), O=old, HS=humongous(starts), HC=humongous(continues), CS=collection set, F=free, A=archive, TAMS=top-at-mark-start (previous, next)
|   0|0x0000000081c00000, 0x0000000081d00000, 0x0000000081d00000|100%|HS|  |TAMS 0x0000000081d00000, 0x0000000081d00000| Complete 
|   1|0x0000000081d00000, 0x0000000081e00000, 0x0000000081e00000|100%| O|  |TAMS 0x0000000081e00000, 0x0000000081e00000| Untracked 
|   2|0x0000000081e00000, 0x0000000081f00000, 0x0000000081f00000|100%| O|  |TAMS 0x0000000081f00000, 0x0000000081f00000| Untracked 
|   3|0x0000000081f00000, 0x0000000082000000, 0x0000000082000000|100%| O|  |TAMS 0x0000000082000000, 0x0000000082000000| Untracked 
|   4|0x0000000082000000, 0x0000000082100000, 0x0000000082100000|100%| O|  |TAMS 0x0000000082100000, 0x0000000082100000| Untracked 
|   5|0x0000000082100000, 0x0000000082200000, 0x0000000082200000|100%| O|  |TAMS 0x0000000082200000, 0x0000000082200000| Untracked 
|   6|0x0000000082200000, 0x0000000082300000, 0x0000000082300000|100%| O|  |TAMS 0x0000000082300000, 0x0000000082300000| Untracked 
|   7|0x0000000082300000, 0x0000000082400000, 0x0000000082400000|100%| O|  |TAMS 0x0000000082320000, 0x0000000082400000| Untracked 
|   8|0x0000000082400000, 0x0000000082472c00, 0x0000000082500000| 44%| O|  |TAMS 0x0000000082400000, 0x0000000082472c00| Untracked 
|   9|0x0000000082500000, 0x0000000082500000, 0x0000000082600000|  0%| F|  |TAMS 0x0000000082500000, 0x0000000082500000| Untracked 
|  10|0x0000000082600000, 0x0000000082600000, 0x0000000082700000|  0%| F|  |TAMS 0x0000000082600000, 0x0000000082600000| Untracked 
|  11|0x0000000082700000, 0x0000000082700000, 0x0000000082800000|  0%| F|  |TAMS 0x0000000082700000, 0x0000000082700000| Untracked 
|  12|0x0000000082800000, 0x0000000082800000, 0x0000000082900000|  0%| F|  |TAMS 0x0000000082800000, 0x0000000082800000| Untracked 
|  13|0x0000000082900000, 0x0000000082900000, 0x0000000082a00000|  0%| F|  |TAMS 0x0000000082900000, 0x0000000082900000| Untracked 
|  14|0x0000000082a00000, 0x0000000082a00000, 0x0000000082b00000|  0%| F|  |TAMS 0x0000000082a00000, 0x0000000082a00000| Untracked 
|  15|0x0000000082b00000, 0x0000000082b00000, 0x0000000082c00000|  0%| F|  |TAMS 0x0000000082b00000, 0x0000000082b00000| Untracked 
|  16|0x0000000082c00000, 0x0000000082c00000, 0x0000000082d00000|  0%| F|  |TAMS 0x0000000082c00000, 0x0000000082c00000| Untracked 
|  17|0x0000000082d00000, 0x0000000082d00000, 0x0000000082e00000|  0%| F|  |TAMS 0x0000000082d00000, 0x0000000082d00000| Untracked 
|  18|0x0000000082e00000, 0x0000000082e00000, 0x0000000082f00000|  0%| F|  |TAMS 0x0000000082e00000, 0x0000000082e00000| Untracked 
|  19|0x0000000082f00000, 0x0000000082f00000, 0x0000000083000000|  0%| F|  |TAMS 0x0000000082f00000, 0x0000000082f00000| Untracked 
|  20|0x0000000083000000, 0x0000000083000000, 0x0000000083100000|  0%| F|  |TAMS 0x0000000083000000, 0x0000000083000000| Untracked 
|  21|0x0000000083100000, 0x0000000083100000, 0x0000000083200000|  0%| F|  |TAMS 0x0000000083100000, 0x0000000083100000| Untracked 
|  22|0x0000000083200000, 0x0000000083200000, 0x0000000083300000|  0%| F|  |TAMS 0x0000000083200000, 0x0000000083200000| Untracked 
|  23|0x0000000083300000, 0x0000000083300000, 0x0000000083400000|  0%| F|  |TAMS 0x0000000083300000, 0x0000000083300000| Untracked 
|  24|0x0000000083400000, 0x0000000083400000, 0x0000000083500000|  0%| F|  |TAMS 0x0000000083400000, 0x0000000083400000| Untracked 
|  25|0x0000000083500000, 0x0000000083500000, 0x0000000083600000|  0%| F|  |TAMS 0x0000000083500000, 0x0000000083500000| Untracked 
|  26|0x0000000083600000, 0x0000000083600000, 0x0000000083700000|  0%| F|  |TAMS 0x0000000083600000, 0x0000000083600000| Untracked 
|  27|0x0000000083700000, 0x0000000083700000, 0x0000000083800000|  0%| F|  |TAMS 0x0000000083700000, 0x0000000083700000| Untracked 
|  28|0x0000000083800000, 0x0000000083800000, 0x0000000083900000|  0%| F|  |TAMS 0x0000000083800000, 0x0000000083800000| Untracked 
|  29|0x0000000083900000, 0x0000000083900000, 0x0000000083a00000|  0%| F|  |TAMS 0x0000000083900000, 0x0000000083900000| Untracked 
|  30|0x0000000083a00000, 0x0000000083a00000, 0x0000000083b00000|  0%| F|  |TAMS 0x0000000083a00000, 0x0000000083a00000| Untracked 
|  31|0x0000000083b00000, 0x0000000083b00000, 0x0000000083c00000|  0%| F|  |TAMS 0x0000000083b00000, 0x0000000083b00000| Untracked 
|  32|0x0000000083c00000, 0x0000000083c00000, 0x0000000083d00000|  0%| F|  |TAMS 0x0000000083c00000, 0x0000000083c00000| Untracked 
|  33|0x0000000083d00000, 0x0000000083d00000, 0x0000000083e00000|  0%| F|  |TAMS 0x0000000083d00000, 0x0000000083d00000| Untracked 
|  34|0x0000000083e00000, 0x0000000083e00000, 0x0000000083f00000|  0%| F|  |TAMS 0x0000000083e00000, 0x0000000083e00000| Untracked 
|  35|0x0000000083f00000, 0x0000000083f00000, 0x0000000084000000|  0%| F|  |TAMS 0x0000000083f00000, 0x0000000083f00000| Untracked 
|  36|0x0000000084000000, 0x0000000084000000, 0x0000000084100000|  0%| F|  |TAMS 0x0000000084000000, 0x0000000084000000| Untracked 
|  37|0x0000000084100000, 0x0000000084100000, 0x0000000084200000|  0%| F|  |TAMS 0x0000000084100000, 0x0000000084100000| Untracked 
|  38|0x0000000084200000, 0x0000000084200000, 0x0000000084300000|  0%| F|  |TAMS 0x0000000084200000, 0x0000000084200000| Untracked 
|  39|0x0000000084300000, 0x0000000084300000, 0x0000000084400000|  0%| F|  |TAMS 0x0000000084300000, 0x0000000084300000| Untracked 
|  40|0x0000000084400000, 0x0000000084400000, 0x0000000084500000|  0%| F|  |TAMS 0x0000000084400000, 0x0000000084400000| Untracked 
|  41|0x0000000084500000, 0x0000000084500000, 0x0000000084600000|  0%| F|  |TAMS 0x0000000084500000, 0x0000000084500000| Untracked 
|  42|0x0000000084600000, 0x0000000084600000, 0x0000000084700000|  0%| F|  |TAMS 0x0000000084600000, 0x0000000084600000| Untracked 
|  43|0x0000000084700000, 0x0000000084700000, 0x0000000084800000|  0%| F|  |TAMS 0x0000000084700000, 0x0000000084700000| Untracked 
|  44|0x0000000084800000, 0x0000000084800000, 0x0000000084900000|  0%| F|  |TAMS 0x0000000084800000, 0x0000000084800000| Untracked 
|  45|0x0000000084900000, 0x0000000084900000, 0x0000000084a00000|  0%| F|  |TAMS 0x0000000084900000, 0x0000000084900000| Untracked 
|  46|0x0000000084a00000, 0x0000000084a00000, 0x0000000084b00000|  0%| F|  |TAMS 0x0000000084a00000, 0x0000000084a00000| Untracked 
|  47|0x0000000084b00000, 0x0000000084b00000, 0x0000000084c00000|  0%| F|  |TAMS 0x0000000084b00000, 0x0000000084b00000| Untracked 
|  48|0x0000000084c00000, 0x0000000084c00000, 0x0000000084d00000|  0%| F|  |TAMS 0x0000000084c00000, 0x0000000084c00000| Untracked 
|  49|0x0000000084d00000, 0x0000000084d00000, 0x0000000084e00000|  0%| F|  |TAMS 0x0000000084d00000, 0x0000000084d00000| Untracked 
|  50|0x0000000084e00000, 0x0000000084e00000, 0x0000000084f00000|  0%| F|  |TAMS 0x0000000084e00000, 0x0000000084e00000| Untracked 
|  51|0x0000000084f00000, 0x0000000084f00000, 0x0000000085000000|  0%| F|  |TAMS 0x0000000084f00000, 0x0000000084f00000| Untracked 
|  52|0x0000000085000000, 0x0000000085000000, 0x0000000085100000|  0%| F|  |TAMS 0x0000000085000000, 0x0000000085000000| Untracked 
|  53|0x0000000085100000, 0x0000000085100000, 0x0000000085200000|  0%| F|  |TAMS 0x0000000085100000, 0x0000000085100000| Untracked 
|  54|0x0000000085200000, 0x0000000085200000, 0x0000000085300000|  0%| F|  |TAMS 0x0000000085200000, 0x0000000085200000| Untracked 
|  55|0x0000000085300000, 0x0000000085300000, 0x0000000085400000|  0%| F|  |TAMS 0x0000000085300000, 0x0000000085300000| Untracked 
|  56|0x0000000085400000, 0x0000000085400000, 0x0000000085500000|  0%| F|  |TAMS 0x0000000085400000, 0x0000000085400000| Untracked 
|  57|0x0000000085500000, 0x0000000085500000, 0x0000000085600000|  0%| F|  |TAMS 0x0000000085500000, 0x0000000085500000| Untracked 
|  58|0x0000000085600000, 0x0000000085600000, 0x0000000085700000|  0%| F|  |TAMS 0x0000000085600000, 0x0000000085600000| Untracked 
|  59|0x0000000085700000, 0x0000000085700000, 0x0000000085800000|  0%| F|  |TAMS 0x0000000085700000, 0x0000000085700000| Untracked 
|  60|0x0000000085800000, 0x0000000085800000, 0x0000000085900000|  0%| F|  |TAMS 0x0000000085800000, 0x0000000085800000| Untracked 
|  61|0x0000000085900000, 0x0000000085900000, 0x0000000085a00000|  0%| F|  |TAMS 0x0000000085900000, 0x0000000085900000| Untracked 
|  62|0x0000000085a00000, 0x0000000085a00000, 0x0000000085b00000|  0%| F|  |TAMS 0x0000000085a00000, 0x0000000085a00000| Untracked 
|  63|0x0000000085b00000, 0x0000000085b00000, 0x0000000085c00000|  0%| F|  |TAMS 0x0000000085b00000, 0x0000000085b00000| Untracked 
|  64|0x0000000085c00000, 0x0000000085c00000, 0x0000000085d00000|  0%| F|  |TAMS 0x0000000085c00000, 0x0000000085c00000| Untracked 
|  65|0x0000000085d00000, 0x0000000085d00000, 0x0000000085e00000|  0%| F|  |TAMS 0x0000000085d00000, 0x0000000085d00000| Untracked 
|  66|0x0000000085e00000, 0x0000000085e00000, 0x0000000085f00000|  0%| F|  |TAMS 0x0000000085e00000, 0x0000000085e00000| Untracked 
|  67|0x0000000085f00000, 0x0000000085f00000, 0x0000000086000000|  0%| F|  |TAMS 0x0000000085f00000, 0x0000000085f00000| Untracked 
|  68|0x0000000086000000, 0x0000000086000000, 0x0000000086100000|  0%| F|  |TAMS 0x0000000086000000, 0x0000000086000000| Untracked 
|  69|0x0000000086100000, 0x0000000086100000, 0x0000000086200000|  0%| F|  |TAMS 0x0000000086100000, 0x0000000086100000| Untracked 
|  70|0x0000000086200000, 0x0000000086200000, 0x0000000086300000|  0%| F|  |TAMS 0x0000000086200000, 0x0000000086200000| Untracked 
|  71|0x0000000086300000, 0x0000000086300000, 0x0000000086400000|  0%| F|  |TAMS 0x0000000086300000, 0x0000000086300000| Untracked 
|  72|0x0000000086400000, 0x0000000086400000, 0x0000000086500000|  0%| F|  |TAMS 0x0000000086400000, 0x0000000086400000| Untracked 
|  73|0x0000000086500000, 0x0000000086500000, 0x0000000086600000|  0%| F|  |TAMS 0x0000000086500000, 0x0000000086500000| Untracked 
|  74|0x0000000086600000, 0x0000000086600000, 0x0000000086700000|  0%| F|  |TAMS 0x0000000086600000, 0x0000000086600000| Untracked 
|  75|0x0000000086700000, 0x0000000086700000, 0x0000000086800000|  0%| F|  |TAMS 0x0000000086700000, 0x0000000086700000| Untracked 
|  76|0x0000000086800000, 0x0000000086800000, 0x0000000086900000|  0%| F|  |TAMS 0x0000000086800000, 0x0000000086800000| Untracked 
|  77|0x0000000086900000, 0x0000000086900000, 0x0000000086a00000|  0%| F|  |TAMS 0x0000000086900000, 0x0000000086900000| Untracked 
|  78|0x0000000086a00000, 0x0000000086a00000, 0x0000000086b00000|  0%| F|  |TAMS 0x0000000086a00000, 0x0000000086a00000| Untracked 
|  79|0x0000000086b00000, 0x0000000086b00000, 0x0000000086c00000|  0%| F|  |TAMS 0x0000000086b00000, 0x0000000086b00000| Untracked 
|  80|0x0000000086c00000, 0x0000000086c00000, 0x0000000086d00000|  0%| F|  |TAMS 0x0000000086c00000, 0x0000000086c00000| Untracked 
|  81|0x0000000086d00000, 0x0000000086d00000, 0x0000000086e00000|  0%| F|  |TAMS 0x0000000086d00000, 0x0000000086d00000| Untracked 
|  82|0x0000000086e00000, 0x0000000086e00000, 0x0000000086f00000|  0%| F|  |TAMS 0x0000000086e00000, 0x0000000086e00000| Untracked 
|  83|0x0000000086f00000, 0x0000000086f00000, 0x0000000087000000|  0%| F|  |TAMS 0x0000000086f00000, 0x0000000086f00000| Untracked 
|  84|0x0000000087000000, 0x0000000087000000, 0x0000000087100000|  0%| F|  |TAMS 0x0000000087000000, 0x0000000087000000| Untracked 
|  85|0x0000000087100000, 0x0000000087100000, 0x0000000087200000|  0%| F|  |TAMS 0x0000000087100000, 0x0000000087100000| Untracked 
|  86|0x0000000087200000, 0x0000000087200000, 0x0000000087300000|  0%| F|  |TAMS 0x0000000087200000, 0x0000000087200000| Untracked 
|  87|0x0000000087300000, 0x0000000087300000, 0x0000000087400000|  0%| F|  |TAMS 0x0000000087300000, 0x0000000087300000| Untracked 
|  88|0x0000000087400000, 0x0000000087400000, 0x0000000087500000|  0%| F|  |TAMS 0x0000000087400000, 0x0000000087400000| Untracked 
|  89|0x0000000087500000, 0x0000000087500000, 0x0000000087600000|  0%| F|  |TAMS 0x0000000087500000, 0x0000000087500000| Untracked 
|  90|0x0000000087600000, 0x0000000087600000, 0x0000000087700000|  0%| F|  |TAMS 0x0000000087600000, 0x0000000087600000| Untracked 
|  91|0x0000000087700000, 0x0000000087700000, 0x0000000087800000|  0%| F|  |TAMS 0x0000000087700000, 0x0000000087700000| Untracked 
|  92|0x0000000087800000, 0x0000000087800000, 0x0000000087900000|  0%| F|  |TAMS 0x0000000087800000, 0x0000000087800000| Untracked 
|  93|0x0000000087900000, 0x0000000087900000, 0x0000000087a00000|  0%| F|  |TAMS 0x0000000087900000, 0x0000000087900000| Untracked 
|  94|0x0000000087a00000, 0x0000000087a00000, 0x0000000087b00000|  0%| F|  |TAMS 0x0000000087a00000, 0x0000000087a00000| Untracked 
|  95|0x0000000087b00000, 0x0000000087b00000, 0x0000000087c00000|  0%| F|  |TAMS 0x0000000087b00000, 0x0000000087b00000| Untracked 
|  96|0x0000000087c00000, 0x0000000087c00000, 0x0000000087d00000|  0%| F|  |TAMS 0x0000000087c00000, 0x0000000087c00000| Untracked 
|  97|0x0000000087d00000, 0x0000000087d00000, 0x0000000087e00000|  0%| F|  |TAMS 0x0000000087d00000, 0x0000000087d00000| Untracked 
|  98|0x0000000087e00000, 0x0000000087e00000, 0x0000000087f00000|  0%| F|  |TAMS 0x0000000087e00000, 0x0000000087e00000| Untracked 
|  99|0x0000000087f00000, 0x0000000087f00000, 0x0000000088000000|  0%| F|  |TAMS 0x0000000087f00000, 0x0000000087f00000| Untracked 
| 100|0x0000000088000000, 0x0000000088000000, 0x0000000088100000|  0%| F|  |TAMS 0x0000000088000000, 0x0000000088000000| Untracked 
| 101|0x0000000088100000, 0x0000000088100000, 0x0000000088200000|  0%| F|  |TAMS 0x0000000088100000, 0x0000000088100000| Untracked 
| 102|0x0000000088200000, 0x0000000088200000, 0x0000000088300000|  0%| F|  |TAMS 0x0000000088200000, 0x0000000088200000| Untracked 
| 103|0x0000000088300000, 0x0000000088300000, 0x0000000088400000|  0%| F|  |TAMS 0x0000000088300000, 0x0000000088300000| Untracked 
| 104|0x0000000088400000, 0x0000000088400000, 0x0000000088500000|  0%| F|  |TAMS 0x0000000088400000, 0x0000000088400000| Untracked 
| 105|0x0000000088500000, 0x0000000088500000, 0x0000000088600000|  0%| F|  |TAMS 0x0000000088500000, 0x0000000088500000| Untracked 
| 106|0x0000000088600000, 0x0000000088600000, 0x0000000088700000|  0%| F|  |TAMS 0x0000000088600000, 0x0000000088600000| Untracked 
| 107|0x0000000088700000, 0x0000000088700000, 0x0000000088800000|  0%| F|  |TAMS 0x0000000088700000, 0x0000000088700000| Untracked 
| 108|0x0000000088800000, 0x00000000888b94f0, 0x0000000088900000| 72%| S|CS|TAMS 0x0000000088800000, 0x0000000088800000| Complete 
| 109|0x0000000088900000, 0x0000000088a00000, 0x0000000088a00000|100%| S|CS|TAMS 0x0000000088900000, 0x0000000088900000| Complete 
| 110|0x0000000088a00000, 0x0000000088b00000, 0x0000000088b00000|100%| S|CS|TAMS 0x0000000088a00000, 0x0000000088a00000| Complete 
| 111|0x0000000088b00000, 0x0000000088c00000, 0x0000000088c00000|100%| S|CS|TAMS 0x0000000088b00000, 0x0000000088b00000| Complete 
| 112|0x0000000088c00000, 0x0000000088d00000, 0x0000000088d00000|100%| S|CS|TAMS 0x0000000088c00000, 0x0000000088c00000| Complete 
| 113|0x0000000088d00000, 0x0000000088e00000, 0x0000000088e00000|100%| S|CS|TAMS 0x0000000088d00000, 0x0000000088d00000| Complete 
| 114|0x0000000088e00000, 0x0000000088e00000, 0x0000000088f00000|  0%| F|  |TAMS 0x0000000088e00000, 0x0000000088e00000| Untracked 
| 115|0x0000000088f00000, 0x0000000088f00000, 0x0000000089000000|  0%| F|  |TAMS 0x0000000088f00000, 0x0000000088f00000| Untracked 
| 116|0x0000000089000000, 0x0000000089000000, 0x0000000089100000|  0%| F|  |TAMS 0x0000000089000000, 0x0000000089000000| Untracked 
| 117|0x0000000089100000, 0x0000000089100000, 0x0000000089200000|  0%| F|  |TAMS 0x0000000089100000, 0x0000000089100000| Untracked 
| 118|0x0000000089200000, 0x0000000089200000, 0x0000000089300000|  0%| F|  |TAMS 0x0000000089200000, 0x0000000089200000| Untracked 
| 119|0x0000000089300000, 0x0000000089300000, 0x0000000089400000|  0%| F|  |TAMS 0x0000000089300000, 0x0000000089300000| Untracked 
| 120|0x0000000089400000, 0x0000000089400000, 0x0000000089500000|  0%| F|  |TAMS 0x0000000089400000, 0x0000000089400000| Untracked 
| 121|0x0000000089500000, 0x0000000089500000, 0x0000000089600000|  0%| F|  |TAMS 0x0000000089500000, 0x0000000089500000| Untracked 
| 122|0x0000000089600000, 0x0000000089600000, 0x0000000089700000|  0%| F|  |TAMS 0x0000000089600000, 0x0000000089600000| Untracked 
| 123|0x0000000089700000, 0x0000000089700000, 0x0000000089800000|  0%| F|  |TAMS 0x0000000089700000, 0x0000000089700000| Untracked 
| 124|0x0000000089800000, 0x0000000089800000, 0x0000000089900000|  0%| F|  |TAMS 0x0000000089800000, 0x0000000089800000| Untracked 
| 125|0x0000000089900000, 0x0000000089900000, 0x0000000089a00000|  0%| F|  |TAMS 0x0000000089900000, 0x0000000089900000| Untracked 
| 126|0x0000000089a00000, 0x0000000089a00000, 0x0000000089b00000|  0%| F|  |TAMS 0x0000000089a00000, 0x0000000089a00000| Untracked 
| 127|0x0000000089b00000, 0x0000000089b00000, 0x0000000089c00000|  0%| F|  |TAMS 0x0000000089b00000, 0x0000000089b00000| Untracked 

Card table byte_map: [0x0000028142d30000,0x0000028143130000] _byte_map_base: 0x0000028142922000

Marking Bits (Prev, Next): (CMBitMap*) 0x000002812afeee40, (CMBitMap*) 0x000002812afeee08
 Prev Bits: [0x00000281454c0000, 0x0000028147450000)
 Next Bits: [0x0000028143530000, 0x00000281454c0000)

Polling page: 0x000002812a780000

Metaspace:

Usage:
  Non-class:     26.89 MB capacity,    26.22 MB ( 98%) used,   560.34 KB (  2%) free+waste,   123.75 KB ( <1%) overhead. 
      Class:      4.20 MB capacity,     3.69 MB ( 88%) used,   459.01 KB ( 11%) free+waste,    61.69 KB (  1%) overhead. 
       Both:     31.08 MB capacity,    29.91 MB ( 96%) used,  1019.34 KB (  3%) free+waste,   185.44 KB ( <1%) overhead. 

Virtual space:
  Non-class space:       46.00 MB reserved,      26.92 MB ( 59%) committed 
      Class space:        1.00 GB reserved,       4.25 MB ( <1%) committed 
             Both:        1.04 GB reserved,      31.17 MB (  3%) committed 

Chunk freelists:
   Non-Class:  37.00 KB
       Class:  20.00 KB
        Both:  57.00 KB

MaxMetaspaceSize: 17179869184.00 GB
CompressedClassSpaceSize: 1.00 GB

CodeHeap 'non-profiled nmethods': size=238336Kb used=5497Kb max_used=5497Kb free=232838Kb
 bounds [0x0000028133d40000, 0x00000281342a0000, 0x0000028142600000]
CodeHeap 'non-nmethods': size=7424Kb used=1233Kb max_used=1233Kb free=6190Kb
 bounds [0x0000028133600000, 0x0000028133870000, 0x0000028133d40000]
 total_blobs=4005 nmethods=3239 adapters=411
 compilation: disabled (not enough contiguous free space left)
              stopped_count=2, restarted_count=1
 full_count=2

Compilation events (20 events):
Event: 6.064 Thread 0x000002814a836800 3248       1       org.springframework.beans.factory.support.RootBeanDefinition::<init> (91 bytes)
Event: 6.064 Thread 0x000002814a836800 nmethod 3248 0x000002813429ab10 code [0x000002813429ace0, 0x000002813429b170]
Event: 6.069 Thread 0x000002814a836800 3249       1       org.springframework.beans.factory.support.AbstractBeanFactory::copyRelevantMergedBeanDefinitionCaches (105 bytes)
Event: 6.070 Thread 0x000002814a836800 nmethod 3249 0x000002813429b290 code [0x000002813429b4c0, 0x000002813429bb20]
Event: 6.082 Thread 0x000002814a836800 3250   !   1       java.util.concurrent.ConcurrentHashMap::initTable (112 bytes)
Event: 6.082 Thread 0x000002814a836800 nmethod 3250 0x000002813429be10 code [0x000002813429bfe0, 0x000002813429c350]
Event: 6.085 Thread 0x000002814a836800 3251       1       java.util.concurrent.ConcurrentHashMap::<init> (9 bytes)
Event: 6.085 Thread 0x000002814a836800 nmethod 3251 0x000002813429c510 code [0x000002813429c6e0, 0x000002813429c830]
Event: 6.086 Thread 0x000002814a836800 3252       1       java.lang.invoke.LambdaForm$DMH/0x000000010019bc40::invokeStatic (30 bytes)
Event: 6.086 Thread 0x000002814a836800 nmethod 3252 0x000002813429c910 code [0x000002813429cae0, 0x000002813429cd30]
Event: 6.088 Thread 0x000002814a836800 3253       1       java.lang.reflect.Method::getAnnotation (6 bytes)
Event: 6.088 Thread 0x000002814a836800 nmethod 3253 0x000002813429d090 code [0x000002813429d2a0, 0x000002813429d650]
Event: 6.088 Thread 0x000002814a836800 3254       1       java.lang.reflect.Executable::getAnnotation (23 bytes)
Event: 6.088 Thread 0x000002814a836800 nmethod 3254 0x000002813429d890 code [0x000002813429daa0, 0x000002813429de30]
Event: 6.089 Thread 0x000002814a836800 3256       1       java.lang.reflect.AnnotatedElement::isAnnotationPresent (16 bytes)
Event: 6.089 Thread 0x000002814a836800 nmethod 3256 0x000002813429e010 code [0x000002813429e1c0, 0x000002813429e330]
Event: 6.089 Thread 0x000002814a836800 3257       1       java.lang.reflect.AccessibleObject::isAnnotationPresent (6 bytes)
Event: 6.089 Thread 0x000002814a836800 nmethod 3257 0x000002813429e390 code [0x000002813429e540, 0x000002813429e6b0]
Event: 6.089 Thread 0x000002814a836800 3258   !   1       org.springframework.util.ReflectionUtils::getDeclaredMethods (209 bytes)
Event: 6.094 Thread 0x000002814a836800 


GC Heap History (14 events):
Event: 2.658 GC heap before
{Heap before GC invocations=0 (full 0):
 garbage-first heap   total 131072K, used 24576K [0x0000000081c00000, 0x0000000100000000)
  region size 1024K, 24 young (24576K), 0 survivors (0K)
 Metaspace       used 13501K, capacity 13801K, committed 13824K, reserved 1060864K
  class space    used 1394K, capacity 1514K, committed 1536K, reserved 1048576K
}
Event: 2.672 GC heap after
{Heap after GC invocations=1 (full 0):
 garbage-first heap   total 131072K, used 7081K [0x0000000081c00000, 0x0000000100000000)
  region size 1024K, 3 young (3072K), 3 survivors (3072K)
 Metaspace       used 13501K, capacity 13801K, committed 13824K, reserved 1060864K
  class space    used 1394K, capacity 1514K, committed 1536K, reserved 1048576K
}
Event: 3.004 GC heap before
{Heap before GC invocations=1 (full 0):
 garbage-first heap   total 131072K, used 25513K [0x0000000081c00000, 0x0000000100000000)
  region size 1024K, 22 young (22528K), 3 survivors (3072K)
 Metaspace       used 14568K, capacity 14902K, committed 15104K, reserved 1062912K
  class space    used 1531K, capacity 1671K, committed 1792K, reserved 1048576K
}
Event: 3.010 GC heap after
{Heap after GC invocations=2 (full 0):
 garbage-first heap   total 131072K, used 7779K [0x0000000081c00000, 0x0000000100000000)
  region size 1024K, 1 young (1024K), 1 survivors (1024K)
 Metaspace       used 14568K, capacity 14902K, committed 15104K, reserved 1062912K
  class space    used 1531K, capacity 1671K, committed 1792K, reserved 1048576K
}
Event: 3.697 GC heap before
{Heap before GC invocations=2 (full 0):
 garbage-first heap   total 131072K, used 56931K [0x0000000081c00000, 0x0000000100000000)
  region size 1024K, 50 young (51200K), 1 survivors (1024K)
 Metaspace       used 18122K, capacity 18607K, committed 18944K, reserved 1067008K
  class space    used 1992K, capacity 2189K, committed 2304K, reserved 1048576K
}
Event: 3.700 GC heap after
{Heap after GC invocations=3 (full 0):
 garbage-first heap   total 131072K, used 8800K [0x0000000081c00000, 0x0000000100000000)
  region size 1024K, 2 young (2048K), 2 survivors (2048K)
 Metaspace       used 18122K, capacity 18607K, committed 18944K, reserved 1067008K
  class space    used 1992K, capacity 2189K, committed 2304K, reserved 1048576K
}
Event: 4.003 GC heap before
{Heap before GC invocations=3 (full 0):
 garbage-first heap   total 131072K, used 26208K [0x0000000081c00000, 0x0000000100000000)
  region size 1024K, 20 young (20480K), 2 survivors (2048K)
 Metaspace       used 20495K, capacity 21148K, committed 21296K, reserved 1069056K
  class space    used 2364K, capacity 2627K, committed 2688K, reserved 1048576K
}
Event: 4.006 GC heap after
{Heap after GC invocations=4 (full 0):
 garbage-first heap   total 131072K, used 9695K [0x0000000081c00000, 0x0000000100000000)
  region size 1024K, 3 young (3072K), 3 survivors (3072K)
 Metaspace       used 20495K, capacity 21148K, committed 21296K, reserved 1069056K
  class space    used 2364K, capacity 2627K, committed 2688K, reserved 1048576K
}
Event: 4.765 GC heap before
{Heap before GC invocations=5 (full 0):
 garbage-first heap   total 131072K, used 79327K [0x0000000081c00000, 0x0000000100000000)
  region size 1024K, 72 young (73728K), 3 survivors (3072K)
 Metaspace       used 25039K, capacity 25968K, committed 26032K, reserved 1073152K
  class space    used 2960K, capacity 3322K, committed 3328K, reserved 1048576K
}
Event: 4.771 GC heap after
{Heap after GC invocations=6 (full 0):
 garbage-first heap   total 131072K, used 11171K [0x0000000081c00000, 0x0000000100000000)
  region size 1024K, 4 young (4096K), 4 survivors (4096K)
 Metaspace       used 25039K, capacity 25968K, committed 26032K, reserved 1073152K
  class space    used 2960K, capacity 3322K, committed 3328K, reserved 1048576K
}
Event: 5.944 GC heap before
{Heap before GC invocations=6 (full 0):
 garbage-first heap   total 131072K, used 83875K [0x0000000081c00000, 0x0000000100000000)
  region size 1024K, 76 young (77824K), 4 survivors (4096K)
 Metaspace       used 29159K, capacity 30312K, committed 30384K, reserved 1083392K
  class space    used 3575K, capacity 4060K, committed 4096K, reserved 1048576K
}
Event: 5.951 GC heap after
{Heap after GC invocations=7 (full 0):
 garbage-first heap   total 131072K, used 13412K [0x0000000081c00000, 0x0000000100000000)
  region size 1024K, 6 young (6144K), 6 survivors (6144K)
 Metaspace       used 29159K, capacity 30312K, committed 30384K, reserved 1083392K
  class space    used 3575K, capacity 4060K, committed 4096K, reserved 1048576K
}
Event: 6.186 GC heap before
{Heap before GC invocations=7 (full 0):
 garbage-first heap   total 131072K, used 26724K [0x0000000081c00000, 0x0000000100000000)
  region size 1024K, 20 young (20480K), 6 survivors (6144K)
 Metaspace       used 30626K, capacity 31831K, committed 31920K, reserved 1093632K
  class space    used 3779K, capacity 4300K, committed 4352K, reserved 1048576K
}
Event: 6.198 GC heap after
{Heap after GC invocations=8 (full 0):
 garbage-first heap   total 131072K, used 14512K [0x0000000081c00000, 0x0000000100000000)
  region size 1024K, 6 young (6144K), 6 survivors (6144K)
 Metaspace       used 30626K, capacity 31831K, committed 31920K, reserved 1093632K
  class space    used 3779K, capacity 4300K, committed 4352K, reserved 1048576K
}

Deoptimization events (20 events):
Event: 6.172 Thread 0x000002814beda800 DEOPT PACKING pc=0x000002813409c8bc sp=0x000000ab254fbf00
Event: 6.172 Thread 0x000002814beda800 DEOPT UNPACKING pc=0x000002813363d44e sp=0x000000ab254fb3d0 mode 1
Event: 6.183 Thread 0x000002814beda800 DEOPT PACKING pc=0x0000028133f08f74 sp=0x000000ab254fa430
Event: 6.183 Thread 0x000002814beda800 DEOPT UNPACKING pc=0x000002813363d44e sp=0x000000ab254f98c8 mode 1
Event: 6.183 Thread 0x000002814beda800 DEOPT PACKING pc=0x0000028133f0661c sp=0x000000ab254fa500
Event: 6.183 Thread 0x000002814beda800 DEOPT UNPACKING pc=0x000002813363d44e sp=0x000000ab254f99b8 mode 1
Event: 6.183 Thread 0x000002814beda800 DEOPT PACKING pc=0x0000028133ef20f4 sp=0x000000ab254fafa0
Event: 6.183 Thread 0x000002814beda800 DEOPT UNPACKING pc=0x000002813363d44e sp=0x000000ab254fa478 mode 1
Event: 6.183 Thread 0x000002814beda800 DEOPT PACKING pc=0x000002813410d2ac sp=0x000000ab254fb040
Event: 6.183 Thread 0x000002814beda800 DEOPT UNPACKING pc=0x000002813363d44e sp=0x000000ab254fa5d8 mode 1
Event: 6.183 Thread 0x000002814beda800 DEOPT PACKING pc=0x0000028133f08f74 sp=0x000000ab254fa4e0
Event: 6.183 Thread 0x000002814beda800 DEOPT UNPACKING pc=0x000002813363d44e sp=0x000000ab254f9978 mode 1
Event: 6.183 Thread 0x000002814beda800 DEOPT PACKING pc=0x0000028133f0661c sp=0x000000ab254fa5b0
Event: 6.183 Thread 0x000002814beda800 DEOPT UNPACKING pc=0x000002813363d44e sp=0x000000ab254f9a68 mode 1
Event: 6.183 Thread 0x000002814beda800 DEOPT PACKING pc=0x0000028133ef20f4 sp=0x000000ab254fb050
Event: 6.183 Thread 0x000002814beda800 DEOPT UNPACKING pc=0x000002813363d44e sp=0x000000ab254fa540 mode 1
Event: 6.184 Thread 0x000002814beda800 DEOPT PACKING pc=0x00000281341bedfc sp=0x000000ab254fc330
Event: 6.184 Thread 0x000002814beda800 DEOPT UNPACKING pc=0x000002813363d44e sp=0x000000ab254fb868 mode 1
Event: 6.185 Thread 0x000002814beda800 DEOPT PACKING pc=0x00000281341bedfc sp=0x000000ab254fc330
Event: 6.185 Thread 0x000002814beda800 DEOPT UNPACKING pc=0x000002813363d44e sp=0x000000ab254fb868 mode 1

Classes redefined (0 events):
No events

Internal exceptions (20 events):
Event: 6.098 Thread 0x000002814beda800 Exception <a 'java/lang/ClassNotFoundException'{0x00000000894e30f0}: org/springframework/aop/framework/ProxyConfigCustomizer> (0x00000000894e30f0) thrown at [c:/cygwin64/tmp/openjdk-jdk11u-windows-x64-hotspot/workspace/build/src/src/hotspot/share/classfil
Event: 6.099 Thread 0x000002814beda800 Exception <a 'java/lang/ClassNotFoundException'{0x00000000894fa3a0}: org/springframework/aop/framework/ProxyProcessorSupportCustomizer> (0x00000000894fa3a0) thrown at [c:/cygwin64/tmp/openjdk-jdk11u-windows-x64-hotspot/workspace/build/src/src/hotspot/shar
Event: 6.100 Thread 0x000002814beda800 Exception <a 'java/lang/ClassNotFoundException'{0x0000000089310450}: org/springframework/aop/framework/autoproxy/AbstractAutoProxyCreatorCustomizer> (0x0000000089310450) thrown at [c:/cygwin64/tmp/openjdk-jdk11u-windows-x64-hotspot/workspace/build/src/src
Event: 6.102 Thread 0x000002814beda800 Exception <a 'java/lang/ClassNotFoundException'{0x0000000089333260}: org/springframework/aop/framework/autoproxy/AbstractAdvisorAutoProxyCreatorCustomizer> (0x0000000089333260) thrown at [c:/cygwin64/tmp/openjdk-jdk11u-windows-x64-hotspot/workspace/build/
Event: 6.103 Thread 0x000002814beda800 Exception <a 'java/lang/ClassNotFoundException'{0x0000000089349798}: org/springframework/aop/aspectj/autoproxy/AspectJAwareAdvisorAutoProxyCreatorCustomizer> (0x0000000089349798) thrown at [c:/cygwin64/tmp/openjdk-jdk11u-windows-x64-hotspot/workspace/buil
Event: 6.104 Thread 0x000002814beda800 Exception <a 'java/lang/ClassNotFoundException'{0x000000008935ef58}: org/springframework/aop/aspectj/annotation/AnnotationAwareAspectJAutoProxyCreatorCustomizer> (0x000000008935ef58) thrown at [c:/cygwin64/tmp/openjdk-jdk11u-windows-x64-hotspot/workspace/
Event: 6.105 Thread 0x000002814beda800 Exception <a 'java/lang/ClassNotFoundException'{0x0000000089385998}: org/springframework/beans/factory/config/SmartInstantiationAwareBeanPostProcessorCustomizer> (0x0000000089385998) thrown at [c:/cygwin64/tmp/openjdk-jdk11u-windows-x64-hotspot/workspace/
Event: 6.106 Thread 0x000002814beda800 Exception <a 'java/lang/ClassNotFoundException'{0x000000008939bbe8}: org/springframework/beans/factory/config/InstantiationAwareBeanPostProcessorCustomizer> (0x000000008939bbe8) thrown at [c:/cygwin64/tmp/openjdk-jdk11u-windows-x64-hotspot/workspace/build
Event: 6.108 Thread 0x000002814beda800 Exception <a 'java/lang/ClassNotFoundException'{0x00000000893af9c8}: org/springframework/beans/factory/config/BeanPostProcessorCustomizer> (0x00000000893af9c8) thrown at [c:/cygwin64/tmp/openjdk-jdk11u-windows-x64-hotspot/workspace/build/src/src/hotspot/s
Event: 6.110 Thread 0x000002814beda800 Exception <a 'java/lang/ClassNotFoundException'{0x00000000893c0530}: org/springframework/beans/factory/BeanFactoryAwareCustomizer> (0x00000000893c0530) thrown at [c:/cygwin64/tmp/openjdk-jdk11u-windows-x64-hotspot/workspace/build/src/src/hotspot/share/cla
Event: 6.111 Thread 0x000002814beda800 Exception <a 'java/lang/ClassNotFoundException'{0x00000000893cf928}: org/springframework/beans/factory/AwareCustomizer> (0x00000000893cf928) thrown at [c:/cygwin64/tmp/openjdk-jdk11u-windows-x64-hotspot/workspace/build/src/src/hotspot/share/classfile/syst
Event: 6.111 Thread 0x000002814beda800 Exception <a 'java/lang/ClassNotFoundException'{0x00000000893dcac8}: org/springframework/core/OrderedCustomizer> (0x00000000893dcac8) thrown at [c:/cygwin64/tmp/openjdk-jdk11u-windows-x64-hotspot/workspace/build/src/src/hotspot/share/classfile/systemDicti
Event: 6.112 Thread 0x000002814beda800 Exception <a 'java/lang/ClassNotFoundException'{0x00000000893ecf28}: org/springframework/beans/factory/BeanClassLoaderAwareCustomizer> (0x00000000893ecf28) thrown at [c:/cygwin64/tmp/openjdk-jdk11u-windows-x64-hotspot/workspace/build/src/src/hotspot/share
Event: 6.112 Thread 0x000002814beda800 Exception <a 'java/lang/ClassNotFoundException'{0x00000000893fb9b8}: org/springframework/beans/factory/AwareCustomizer> (0x00000000893fb9b8) thrown at [c:/cygwin64/tmp/openjdk-jdk11u-windows-x64-hotspot/workspace/build/src/src/hotspot/share/classfile/syst
Event: 6.113 Thread 0x000002814beda800 Exception <a 'java/lang/ClassNotFoundException'{0x000000008920b7d0}: org/springframework/aop/framework/AopInfrastructureBeanCustomizer> (0x000000008920b7d0) thrown at [c:/cygwin64/tmp/openjdk-jdk11u-windows-x64-hotspot/workspace/build/src/src/hotspot/shar
Event: 6.169 Thread 0x000002814beda800 Exception <a 'java/lang/ClassNotFoundException'{0x0000000088fa9820}: java/lang/ObjectCustomizer> (0x0000000088fa9820) thrown at [c:/cygwin64/tmp/openjdk-jdk11u-windows-x64-hotspot/workspace/build/src/src/hotspot/share/classfile/systemDictionary.cpp, line 
Event: 6.170 Thread 0x000002814beda800 Exception <a 'java/lang/ClassNotFoundException'{0x0000000088fc0880}: org/springframework/transaction/annotation/AbstractTransactionManagementConfigurationCustomizer> (0x0000000088fc0880) thrown at [c:/cygwin64/tmp/openjdk-jdk11u-windows-x64-hotspot/worksp
Event: 6.171 Thread 0x000002814beda800 Exception <a 'java/lang/ClassNotFoundException'{0x0000000088fd6880}: org/springframework/transaction/annotation/ProxyTransactionManagementConfigurationCustomizer> (0x0000000088fd6880) thrown at [c:/cygwin64/tmp/openjdk-jdk11u-windows-x64-hotspot/workspace
Event: 6.171 Thread 0x000002814beda800 Exception <a 'java/lang/ClassNotFoundException'{0x0000000088fea4d0}: org/springframework/context/annotation/ImportAwareCustomizer> (0x0000000088fea4d0) thrown at [c:/cygwin64/tmp/openjdk-jdk11u-windows-x64-hotspot/workspace/build/src/src/hotspot/share/cla
Event: 6.172 Thread 0x000002814beda800 Exception <a 'java/lang/ClassNotFoundException'{0x0000000088ff9b88}: org/springframework/beans/factory/AwareCustomizer> (0x0000000088ff9b88) thrown at [c:/cygwin64/tmp/openjdk-jdk11u-windows-x64-hotspot/workspace/build/src/src/hotspot/share/classfile/syst

Events (20 events):
Event: 6.181 loading class org/springframework/transaction/interceptor/AbstractFallbackTransactionAttributeSource done
Event: 6.181 loading class org/springframework/transaction/interceptor/AbstractFallbackTransactionAttributeSource$1
Event: 6.181 loading class org/springframework/transaction/interceptor/AbstractFallbackTransactionAttributeSource$1 done
Event: 6.181 loading class org/springframework/transaction/interceptor/DefaultTransactionAttribute
Event: 6.181 loading class org/springframework/transaction/interceptor/DefaultTransactionAttribute done
Event: 6.181 loading class org/springframework/transaction/interceptor/TransactionAttribute
Event: 6.181 loading class org/springframework/transaction/interceptor/TransactionAttribute done
Event: 6.182 loading class javax/transaction/Transactional
Event: 6.182 loading class javax/transaction/Transactional done
Event: 6.182 loading class javax/ejb/TransactionAttribute
Event: 6.182 loading class javax/ejb/TransactionAttribute done
Event: 6.183 loading class javax/ejb$TransactionAttribute
Event: 6.183 loading class javax/ejb$TransactionAttribute done
Event: 6.183 loading class org/springframework/transaction/annotation/SpringTransactionAnnotationParser
Event: 6.183 loading class org/springframework/transaction/annotation/SpringTransactionAnnotationParser done
Event: 6.183 loading class org/springframework/transaction/annotation/TransactionAnnotationParser
Event: 6.183 loading class org/springframework/transaction/annotation/TransactionAnnotationParser done
Event: 6.184 loading class org/springframework/transaction/annotation/JtaTransactionAnnotationParser
Event: 6.184 loading class org/springframework/transaction/annotation/JtaTransactionAnnotationParser done
Event: 6.185 Executing VM operation: CollectForMetadataAllocation


Dynamic libraries:
0x00007ff7d8370000 - 0x00007ff7d837d000 	C:\Program Files\AdoptOpenJDK\jdk-11.0.6.10-hotspot\bin\java.exe
0x00007ffdc8ff0000 - 0x00007ffdc91e6000 	C:\WINDOWS\SYSTEM32\ntdll.dll
0x00007ffda64d0000 - 0x00007ffda64e2000 	C:\Program Files\Avast Software\Avast\aswhook.dll
0x00007ffdc8e40000 - 0x00007ffdc8efd000 	C:\WINDOWS\System32\KERNEL32.DLL
0x00007ffdc6ad0000 - 0x00007ffdc6d99000 	C:\WINDOWS\System32\KERNELBASE.dll
0x00007ffdc6790000 - 0x00007ffdc6890000 	C:\WINDOWS\System32\ucrtbase.dll
0x00007ffd8dea0000 - 0x00007ffd8deb7000 	C:\Program Files\AdoptOpenJDK\jdk-11.0.6.10-hotspot\bin\jli.dll
0x00007ffdc7d90000 - 0x00007ffdc7f30000 	C:\WINDOWS\System32\USER32.dll
0x00007ffdc6a20000 - 0x00007ffdc6a42000 	C:\WINDOWS\System32\win32u.dll
0x00007ffdc8a50000 - 0x00007ffdc8a7a000 	C:\WINDOWS\System32\GDI32.dll
0x00007ffdc6ea0000 - 0x00007ffdc6fab000 	C:\WINDOWS\System32\gdi32full.dll
0x00007ffdc6fb0000 - 0x00007ffdc704d000 	C:\WINDOWS\System32\msvcp_win.dll
0x00007ffd8de80000 - 0x00007ffd8de96000 	C:\Program Files\AdoptOpenJDK\jdk-11.0.6.10-hotspot\bin\VCRUNTIME140.dll
0x00007ffdaa2f0000 - 0x00007ffdaa58b000 	C:\WINDOWS\WinSxS\amd64_microsoft.windows.common-controls_6595b64144ccf1df_6.0.19041.746_none_ca02b4b61b8320a4\COMCTL32.dll
0x00007ffdc8230000 - 0x00007ffdc82ce000 	C:\WINDOWS\System32\msvcrt.dll
0x00007ffdc8d70000 - 0x00007ffdc8da0000 	C:\WINDOWS\System32\IMM32.DLL
0x00007ffd6b3e0000 - 0x00007ffd6b47b000 	C:\Program Files\AdoptOpenJDK\jdk-11.0.6.10-hotspot\bin\msvcp140.dll
0x00007ffd59cf0000 - 0x00007ffd5a7ac000 	C:\Program Files\AdoptOpenJDK\jdk-11.0.6.10-hotspot\bin\server\jvm.dll
0x00007ffdc8f00000 - 0x00007ffdc8fac000 	C:\WINDOWS\System32\ADVAPI32.dll
0x00007ffdc8da0000 - 0x00007ffdc8e3c000 	C:\WINDOWS\System32\sechost.dll
0x00007ffdc7f40000 - 0x00007ffdc806b000 	C:\WINDOWS\System32\RPCRT4.dll
0x00007ffdc8220000 - 0x00007ffdc8228000 	C:\WINDOWS\System32\PSAPI.DLL
0x00007ffdb7e50000 - 0x00007ffdb7e59000 	C:\WINDOWS\SYSTEM32\WSOCK32.dll
0x00007ffdc8ae0000 - 0x00007ffdc8b4b000 	C:\WINDOWS\System32\WS2_32.dll
0x00007ffdb8d60000 - 0x00007ffdb8d87000 	C:\WINDOWS\SYSTEM32\WINMM.dll
0x00007ffdc11f0000 - 0x00007ffdc11fa000 	C:\WINDOWS\SYSTEM32\VERSION.dll
0x00007ffdc5380000 - 0x00007ffdc5392000 	C:\WINDOWS\SYSTEM32\kernel.appcore.dll
0x00007ffd9ec10000 - 0x00007ffd9ec20000 	C:\Program Files\AdoptOpenJDK\jdk-11.0.6.10-hotspot\bin\verify.dll
0x00007ffdc4d00000 - 0x00007ffdc4ee4000 	C:\WINDOWS\SYSTEM32\DBGHELP.DLL
0x00007ffdbe630000 - 0x00007ffdbe65c000 	C:\WINDOWS\SYSTEM32\dbgcore.DLL
0x00007ffdc6a50000 - 0x00007ffdc6ad0000 	C:\WINDOWS\System32\bcryptPrimitives.dll
0x00007ffd8de50000 - 0x00007ffd8de78000 	C:\Program Files\AdoptOpenJDK\jdk-11.0.6.10-hotspot\bin\java.dll
0x00007ffd91390000 - 0x00007ffd913c8000 	C:\Program Files\AdoptOpenJDK\jdk-11.0.6.10-hotspot\bin\jdwp.dll
0x00007ffdc35b0000 - 0x00007ffdc35be000 	C:\Program Files\AdoptOpenJDK\jdk-11.0.6.10-hotspot\bin\instrument.dll
0x00007ffd8de30000 - 0x00007ffd8de47000 	C:\Program Files\AdoptOpenJDK\jdk-11.0.6.10-hotspot\bin\zip.dll
0x00007ffd9eac0000 - 0x00007ffd9eaca000 	C:\Program Files\AdoptOpenJDK\jdk-11.0.6.10-hotspot\bin\jimage.dll
0x00007ffdc73b0000 - 0x00007ffdc7af2000 	C:\WINDOWS\System32\SHELL32.dll
0x00007ffdc4570000 - 0x00007ffdc4d00000 	C:\WINDOWS\SYSTEM32\windows.storage.dll
0x00007ffdc7050000 - 0x00007ffdc73a6000 	C:\WINDOWS\System32\combase.dll
0x00007ffdc6190000 - 0x00007ffdc61bc000 	C:\WINDOWS\SYSTEM32\Wldp.dll
0x00007ffdc8cc0000 - 0x00007ffdc8d6e000 	C:\WINDOWS\System32\SHCORE.dll
0x00007ffdc8a80000 - 0x00007ffdc8ad5000 	C:\WINDOWS\System32\shlwapi.dll
0x00007ffdc6660000 - 0x00007ffdc6686000 	C:\WINDOWS\SYSTEM32\profapi.dll
0x00007ffdbfc50000 - 0x00007ffdbfc5a000 	C:\Program Files\AdoptOpenJDK\jdk-11.0.6.10-hotspot\bin\dt_socket.dll
0x00007ffdc5f10000 - 0x00007ffdc5f7a000 	C:\WINDOWS\system32\mswsock.dll
0x00007ffd8de10000 - 0x00007ffd8de29000 	C:\Program Files\AdoptOpenJDK\jdk-11.0.6.10-hotspot\bin\net.dll
0x00007ffdb87e0000 - 0x00007ffdb88e0000 	C:\WINDOWS\SYSTEM32\WINHTTP.dll
0x00007ffd8c8b0000 - 0x00007ffd8c8c2000 	C:\Program Files\AdoptOpenJDK\jdk-11.0.6.10-hotspot\bin\nio.dll
0x00007ffdc5bf0000 - 0x00007ffdc5cbb000 	C:\WINDOWS\SYSTEM32\DNSAPI.dll
0x00007ffdc5bb0000 - 0x00007ffdc5beb000 	C:\WINDOWS\SYSTEM32\IPHLPAPI.DLL
0x00007ffdc7f30000 - 0x00007ffdc7f38000 	C:\WINDOWS\System32\NSI.dll
0x00007ffdbdeb0000 - 0x00007ffdbdeba000 	C:\Windows\System32\rasadhlp.dll
0x00007ffdb88e0000 - 0x00007ffdb895f000 	C:\WINDOWS\System32\fwpuclnt.dll
0x00007ffdc69f0000 - 0x00007ffdc6a17000 	C:\WINDOWS\System32\bcrypt.dll
0x00007ffdb8c60000 - 0x00007ffdb8c69000 	C:\Program Files\AdoptOpenJDK\jdk-11.0.6.10-hotspot\bin\management.dll
0x00007ffdb3bb0000 - 0x00007ffdb3bbb000 	C:\Program Files\AdoptOpenJDK\jdk-11.0.6.10-hotspot\bin\management_ext.dll
0x00007ffdc60f0000 - 0x00007ffdc6108000 	C:\WINDOWS\SYSTEM32\CRYPTSP.dll
0x00007ffdc5840000 - 0x00007ffdc5874000 	C:\WINDOWS\system32\rsaenh.dll
0x00007ffdc6620000 - 0x00007ffdc664e000 	C:\WINDOWS\SYSTEM32\USERENV.dll
0x00007ffdc60e0000 - 0x00007ffdc60ec000 	C:\WINDOWS\SYSTEM32\CRYPTBASE.dll
0x00007ffdc42e0000 - 0x00007ffdc42f7000 	C:\WINDOWS\SYSTEM32\dhcpcsvc6.DLL
0x00007ffdc42c0000 - 0x00007ffdc42dd000 	C:\WINDOWS\SYSTEM32\dhcpcsvc.DLL
0x00007ffdb1c70000 - 0x00007ffdb1c87000 	C:\WINDOWS\system32\napinsp.dll
0x00007ffdb1c50000 - 0x00007ffdb1c6b000 	C:\WINDOWS\system32\pnrpnsp.dll
0x00007ffdb1130000 - 0x00007ffdb1145000 	C:\WINDOWS\system32\wshbth.dll
0x00007ffdc1910000 - 0x00007ffdc192d000 	C:\WINDOWS\system32\NLAapi.dll
0x00007ffdb1110000 - 0x00007ffdb1122000 	C:\WINDOWS\System32\winrnr.dll

dbghelp: loaded successfully - version: 4.0.5 - missing functions: none
symbol engine: initialized successfully - sym options: 0x614 - pdb path: .;C:\Program Files\AdoptOpenJDK\jdk-11.0.6.10-hotspot\bin;C:\WINDOWS\SYSTEM32;C:\Program Files\Avast Software\Avast;C:\WINDOWS\WinSxS\amd64_microsoft.windows.common-controls_6595b64144ccf1df_6.0.19041.746_none_ca02b4b61b8320a4;C:\Program Files\AdoptOpenJDK\jdk-11.0.6.10-hotspot\bin\server

VM Arguments:
jvm_args: -agentlib:jdwp=transport=dt_socket,address=127.0.0.1:61999,suspend=y,server=n -XX:TieredStopAtLevel=1 -Xverify:none -Dspring.output.ansi.enabled=always -Dcom.sun.management.jmxremote -Dspring.jmx.enabled=true -Dspring.liveBeansView.mbeanDomain -Dspring.application.admin.enabled=true -javaagent:C:\Users\jmier\AppData\Local\JetBrains\IntelliJIdea2020.2\captureAgent\debugger-agent.jar -Dfile.encoding=UTF-8 
java_command: com.sda.invoices.InvoicesApplication
java_class_path (initial): C:\Users\jmier\IdeaProjects\invoices\target\classes;C:\Users\jmier\.m2\repository\org\springframework\boot\spring-boot-starter-data-jpa\2.4.2\spring-boot-starter-data-jpa-2.4.2.jar;C:\Users\jmier\.m2\repository\org\springframework\boot\spring-boot-starter-aop\2.4.2\spring-boot-starter-aop-2.4.2.jar;C:\Users\jmier\.m2\repository\org\aspectj\aspectjweaver\1.9.6\aspectjweaver-1.9.6.jar;C:\Users\jmier\.m2\repository\org\springframework\boot\spring-boot-starter-jdbc\2.4.2\spring-boot-starter-jdbc-2.4.2.jar;C:\Users\jmier\.m2\repository\com\zaxxer\HikariCP\3.4.5\HikariCP-3.4.5.jar;C:\Users\jmier\.m2\repository\org\springframework\spring-jdbc\5.3.3\spring-jdbc-5.3.3.jar;C:\Users\jmier\.m2\repository\jakarta\transaction\jakarta.transaction-api\1.3.3\jakarta.transaction-api-1.3.3.jar;C:\Users\jmier\.m2\repository\jakarta\persistence\jakarta.persistence-api\2.2.3\jakarta.persistence-api-2.2.3.jar;C:\Users\jmier\.m2\repository\org\hibernate\hibernate-core\5.4.27.Final\hibernate-core-5.4.27.Final.jar;C:\Users\jmier\.m2\repository\org\jboss\logging\jboss-logging\3.4.1.Final\jboss-logging-3.4.1.Final.jar;C:\Users\jmier\.m2\repository\org\javassist\javassist\3.27.0-GA\javassist-3.27.0-GA.jar;C:\Users\jmier\.m2\repository\net\bytebuddy\byte-buddy\1.10.19\byte-buddy-1.10.19.jar;C:\Users\jmier\.m2\repository\antlr\antlr\2.7.7\antlr-2.7.7.jar;C:\Users\jmier\.m2\repository\org\jboss\jandex\2.1.3.Final\jandex-2.1.3.Final.jar;C:\Users\jmier\.m2\repository\com\fasterxml\classmate\1.5.1\classmate-1.5.1.jar;C:\Users\jmier\.m2\repository\org\dom4j\dom4j\2.1.3\dom4j-2.1.3.jar;C:\Users\jmier\.m2\repository\org\hibernate\common\hibernate-commons-annotations\5.1.2.Final\hibernate-commons-annotations-5.1.2.Final.jar;C:\Users\jmier\.m2\repository\org\glassfish\jaxb\jaxb-runtime\2.3.3\jaxb-runtime-2.3.3.jar;C:\Users\jmier\.m2\repository\org\glassfish\jaxb\txw2\2.3.3\txw2-2.3.3.jar;C:\Users\jmier\.m2\repository\com\sun\istack\istack-commons-runtime\3.0.11\istack-commons-
Launcher Type: SUN_STANDARD

[Global flags]
     bool BytecodeVerificationLocal                = false                                     {product} {command line}
     bool BytecodeVerificationRemote               = false                                     {product} {command line}
     intx CICompilerCount                          = 4                                         {product} {ergonomic}
     uint ConcGCThreads                            = 2                                         {product} {ergonomic}
     uint G1ConcRefinementThreads                  = 8                                         {product} {ergonomic}
   size_t G1HeapRegionSize                         = 1048576                                   {product} {ergonomic}
    uintx GCDrainStackTargetSize                   = 64                                        {product} {ergonomic}
   size_t InitialHeapSize                          = 134217728                                 {product} {ergonomic}
     bool ManagementServer                         = true                                      {product} {command line}
   size_t MarkStackSize                            = 4194304                                   {product} {ergonomic}
   size_t MaxHeapSize                              = 2118123520                                {product} {ergonomic}
   size_t MaxNewSize                               = 1270874112                                {product} {ergonomic}
   size_t MinHeapDeltaBytes                        = 1048576                                   {product} {ergonomic}
    uintx NonNMethodCodeHeapSize                   = 7549744                                {pd product} {ergonomic}
    uintx NonProfiledCodeHeapSize                  = 244108496                              {pd product} {ergonomic}
    uintx ProfiledCodeHeapSize                     = 0                                      {pd product} {ergonomic}
    uintx ReservedCodeCacheSize                    = 251658240                              {pd product} {ergonomic}
     bool SegmentedCodeCache                       = true                                      {product} {ergonomic}
     intx TieredStopAtLevel                        = 1                                         {product} {command line}
     bool UseCompressedClassPointers               = true                                 {lp64_product} {ergonomic}
     bool UseCompressedOops                        = true                                 {lp64_product} {ergonomic}
     bool UseG1GC                                  = true                                      {product} {ergonomic}
     bool UseLargePagesIndividualAllocation        = false                                  {pd product} {ergonomic}

Logging:
Log output configuration:
 #0: stdout all=warning uptime,level,tags
 #1: stderr all=off uptime,level,tags

Environment Variables:
JAVA_HOME=C:\Program Files\AdoptOpenJDK\jdk-11.0.6.10-hotspot\
PATH=C:\Program Files\AdoptOpenJDK\jdk-11.0.6.10-hotspot\bin;C:\PROGRA~2\Borland\CBUILD~1\Bin;C:\PROGRA~2\Borland\CBUILD~1\Projects\Bpl;C:\Program Files (x86)\Intel\iCLS Client\;C:\Program Files\Intel\iCLS Client\;C:\WINDOWS\system32;C:\WINDOWS;C:\WINDOWS\System32\Wbem;C:\WINDOWS\System32\WindowsPowerShell\v1.0\;C:\Program Files (x86)\Intel\Intel(R) Management Engine Components\DAL;C:\Program Files\Intel\Intel(R) Management Engine Components\DAL;C:\Program Files (x86)\Intel\Intel(R) Management Engine Components\IPT;C:\Program Files\Intel\Intel(R) Management Engine Components\IPT;C:\WINDOWS\System32\OpenSSH\;C:\Program Files\Intel\WiFi\bin\;C:\Program Files\Common Files\Intel\WirelessCommon\;C:\Users\jmier\Desktop\Java\apache-maven-3.6.3\bin;C:\Program Files (x86)\Microsoft SQL Server\150\DTS\Binn\;C:\Program Files\Microsoft SQL Server\Client SDK\ODBC\170\Tools\Binn\;C:\Program Files (x86)\Microsoft SQL Server\150\Tools\Binn\;C:\Program Files\Microsoft SQL Server\150\Tools\Binn\;C:\Program Files\Microsoft SQL Server\150\DTS\Binn\;C:\Program Files\nodejs\;C:\Program Files\Git\cmd;C:\Program Files\MySQL\MySQL Shell 8.0\bin\;C:\Users\jmier\AppData\Local\Microsoft\WindowsApps;C:\Users\jmier\Desktop\Java\apache-maven-3.6.3\bin;C:\Users\jmier\AppData\Roaming\npm;C:\Users\jmier\AppData\Local\Programs\Microsoft VS Code\bin;C:\Program Files\Heroku\bin
USERNAME=jmier
OS=Windows_NT
PROCESSOR_IDENTIFIER=Intel64 Family 6 Model 142 Stepping 10, GenuineIntel



---------------  S Y S T E M  ---------------

OS: Windows 10 , 64 bit Build 19041 (10.0.19041.804)

CPU:total 8 (initial active 8) (4 cores per cpu, 2 threads per core) family 6 model 142 stepping 10, cmov, cx8, fxsr, mmx, sse, sse2, sse3, ssse3, sse4.1, sse4.2, popcnt, avx, avx2, aes, clmul, erms, 3dnowpref, lzcnt, ht, tsc, tscinvbit, bmi1, bmi2, adx, fma

Memory: 4k page, system-wide physical 8078M (395M free)
TotalPageFile size 12174M (AvailPageFile size 0M)
current process WorkingSet (physical memory assigned to process): 172M, peak: 172M
current process commit charge ("private bytes"): 252M, peak: 253M

vm_info: OpenJDK 64-Bit Server VM (11.0.6+10) for windows-amd64 JRE (11.0.6+10), built on Jan 15 2020 06:14:58 by "" with MS VC++ 15.8 (VS2017)

END.
